app/build/intermediates/manifest_merge_blame_file/debug/manifest-merger-blame-debug-report.txt
1<?xml version="1.0" encoding="utf-8"?>
2<!--
3    ~ Copyright 2022 The TensorFlow Authors. All Rights Reserved.
4    ~
5    ~ Licensed under the Apache License, Version 2.0 (the "License");
6    ~ you may not use this file except in compliance with the License.
7    ~ You may obtain a copy of the License at
8    ~
9    ~       http://www.apache.org/licenses/LICENSE-2.0
10    ~
11    ~ Unless required by applicable law or agreed to in writing, software
12    ~ distributed under the License is distributed on an "AS IS" BASIS,
13    ~ WITHOUT WARRANTIES OR CONDITIONS OF ANY KIND, either express or implied.
14    ~ See the License for the specific language governing permissions and
15    ~ limitations under the License.
16-->
17<manifest xmlns:android="http://schemas.android.com/apk/res/android"
18    xmlns:dist="http://schemas.android.com/apk/distribution"
19    package="org.tensorflow.lite.examples.objectdetection"
20    android:versionCode="1"
21    android:versionName="1.0.0" >
22
23    <uses-sdk
24        android:minSdkVersion="21"
24-->src\main\AndroidManifest.xml
25        android:targetSdkVersion="32" />
25-->src\main\AndroidManifest.xml
26
27    <!-- Enable instant app support -->
28    <dist:module dist:instant="true" />
28-->src\main\AndroidManifest.xml:24:5-40
28-->src\main\AndroidManifest.xml:24:18-37
29
30    <!-- Declare features -->
31    <uses-feature android:name="android.hardware.camera" />
31-->src\main\AndroidManifest.xml:27:5-60
31-->src\main\AndroidManifest.xml:27:19-57
32
33    <!-- Declare permissions -->
34    <uses-permission android:name="android.permission.CAMERA" />
34-->src\main\AndroidManifest.xml:30:5-65
34-->src\main\AndroidManifest.xml:30:22-62
35    <uses-permission android:name="android.permission.BLUETOOTH_ADVERTISE" />
35-->src\main\AndroidManifest.xml:32:5-78
35-->src\main\AndroidManifest.xml:32:22-75
36    <uses-permission android:name="android.permission.BLUETOOTH_CONNECT" />
36-->src\main\AndroidManifest.xml:33:5-76
36-->src\main\AndroidManifest.xml:33:22-73
37    <uses-permission android:name="android.permission.BLUETOOTH_SCAN" />
37-->src\main\AndroidManifest.xml:34:5-73
37-->src\main\AndroidManifest.xml:34:22-70
38    <uses-permission android:name="android.permission.BLUETOOTH" />
38-->src\main\AndroidManifest.xml:35:5-68
38-->src\main\AndroidManifest.xml:35:22-65
39    <uses-permission android:name="android.permission.BLUETOOTH_ADMIN" />
39-->src\main\AndroidManifest.xml:36:5-74
39-->src\main\AndroidManifest.xml:36:22-71
40    <uses-permission android:name="android.permission.ACCESS_COARSE_LOCATION" />
40-->src\main\AndroidManifest.xml:37:5-81
40-->src\main\AndroidManifest.xml:37:22-78
41
42    <uses-feature
42-->src\main\AndroidManifest.xml:38:5-87
43        android:name="android.hardware.bluetooth"
43-->src\main\AndroidManifest.xml:38:19-60
44        android:required="false" />
44-->src\main\AndroidManifest.xml:38:61-85
45    <uses-feature
45-->src\main\AndroidManifest.xml:39:5-90
46        android:name="android.hardware.bluetooth_le"
46-->src\main\AndroidManifest.xml:39:19-63
47        android:required="false" />
47-->src\main\AndroidManifest.xml:39:64-88
48
49    <uses-permission android:name="android.permission.WRITE_EXTERNAL_STORAGE" />
50    <uses-permission android:name="android.permission.READ_PHONE_STATE" />
51    <uses-permission android:name="android.permission.READ_EXTERNAL_STORAGE" />
52
53    <application
53-->src\main\AndroidManifest.xml:41:5-71:19
54        android:allowBackup="true"
54-->src\main\AndroidManifest.xml:45:9-35
55        android:appComponentFactory="androidx.core.app.CoreComponentFactory"
55-->[androidx.core:core:1.6.0] AndroidManifest.xml:24:18-86
56        android:debuggable="true"
57        android:icon="@mipmap/ic_launcher"
57-->src\main\AndroidManifest.xml:42:9-43
58        android:label="@string/app_name"
58-->src\main\AndroidManifest.xml:44:9-41
59        android:roundIcon="@mipmap/ic_launcher_round"
59-->src\main\AndroidManifest.xml:43:9-54
60        android:supportsRtl="true"
60-->[me.aflak.libraries:bluetooth:1.3.9] AndroidManifest.xml:17:9-35
61        android:taskAffinity="" >
61-->src\main\AndroidManifest.xml:46:9-32
62        <activity
62-->src\main\AndroidManifest.xml:49:9-69:20
63            android:name="org.tensorflow.lite.examples.objectdetection.MainActivity"
63-->src\main\AndroidManifest.xml:50:13-41
64            android:clearTaskOnLaunch="true"
64-->src\main\AndroidManifest.xml:51:13-45
65            android:configChanges="orientation|screenLayout|screenSize|smallestScreenSize"
65-->src\main\AndroidManifest.xml:57:13-91
66            android:exported="true"
66-->src\main\AndroidManifest.xml:53:13-36
67            android:icon="@mipmap/ic_launcher"
67-->src\main\AndroidManifest.xml:54:13-47
68            android:resizeableActivity="true"
68-->src\main\AndroidManifest.xml:56:13-46
69            android:rotationAnimation="seamless"
69-->src\main\AndroidManifest.xml:55:13-49
70            android:theme="@style/AppTheme" >
70-->src\main\AndroidManifest.xml:52:13-44
71
72            <!-- Main app intent filter -->
73            <intent-filter>
73-->src\main\AndroidManifest.xml:61:13-64:29
74                <action android:name="android.intent.action.MAIN" />
74-->src\main\AndroidManifest.xml:62:17-69
74-->src\main\AndroidManifest.xml:62:25-66
75
76                <category android:name="android.intent.category.LAUNCHER" />
76-->src\main\AndroidManifest.xml:63:17-77
76-->src\main\AndroidManifest.xml:63:27-74
77            </intent-filter>
78
79            <!-- Declare notch support -->
80            <meta-data
80-->src\main\AndroidManifest.xml:67:13-83
81                android:name="android.notch_support"
81-->src\main\AndroidManifest.xml:67:24-60
82                android:value="true" />
82-->src\main\AndroidManifest.xml:67:61-81
83        </activity>
84
85        <uses-library
85-->[androidx.window:window:1.0.0-alpha09] AndroidManifest.xml:25:9-27:40
86            android:name="androidx.window.extensions"
86-->[androidx.window:window:1.0.0-alpha09] AndroidManifest.xml:26:13-54
87            android:required="false" />
87-->[androidx.window:window:1.0.0-alpha09] AndroidManifest.xml:27:13-37
88        <uses-library
88-->[androidx.window:window:1.0.0-alpha09] AndroidManifest.xml:28:9-30:40
89            android:name="androidx.window.sidecar"
89-->[androidx.window:window:1.0.0-alpha09] AndroidManifest.xml:29:13-51
90            android:required="false" />
90-->[androidx.window:window:1.0.0-alpha09] AndroidManifest.xml:30:13-37
91
92        <service
92-->[androidx.camera:camera-camera2:1.1.0-beta03] AndroidManifest.xml:26:9-35:19
93            android:name="androidx.camera.core.impl.MetadataHolderService"
93-->[androidx.camera:camera-camera2:1.1.0-beta03] AndroidManifest.xml:27:13-75
94            android:enabled="false"
94-->[androidx.camera:camera-camera2:1.1.0-beta03] AndroidManifest.xml:28:13-36
95            android:exported="false" >
95-->[androidx.camera:camera-camera2:1.1.0-beta03] AndroidManifest.xml:29:13-37
96            <meta-data
96-->[androidx.camera:camera-camera2:1.1.0-beta03] AndroidManifest.xml:32:13-34:89
97                android:name="androidx.camera.core.impl.MetadataHolderService.DEFAULT_CONFIG_PROVIDER"
97-->[androidx.camera:camera-camera2:1.1.0-beta03] AndroidManifest.xml:33:17-103
98                android:value="androidx.camera.camera2.Camera2Config$DefaultProvider" />
98-->[androidx.camera:camera-camera2:1.1.0-beta03] AndroidManifest.xml:34:17-86
99        </service>
100
101        <provider
101-->[androidx.lifecycle:lifecycle-process:2.2.0] AndroidManifest.xml:25:9-29:43
102            android:name="androidx.lifecycle.ProcessLifecycleOwnerInitializer"
102-->[androidx.lifecycle:lifecycle-process:2.2.0] AndroidManifest.xml:26:13-79
103            android:authorities="org.tensorflow.lite.examples.objectdetection.lifecycle-process"
103-->[androidx.lifecycle:lifecycle-process:2.2.0] AndroidManifest.xml:27:13-69
104            android:exported="false"
104-->[androidx.lifecycle:lifecycle-process:2.2.0] AndroidManifest.xml:28:13-37
105            android:multiprocess="true" />
105-->[androidx.lifecycle:lifecycle-process:2.2.0] AndroidManifest.xml:29:13-40
106    </application>
107
108</manifest>